<?xml version="1.0" encoding="UTF-8"?>
<!-- Generated by org.testng.reporters.JUnitXMLReporter -->
<testsuite ignored="0" hostname="DESKTOP-5PUJI8S" failures="0" tests="2" name="Default test" time="49.688" errors="0" timestamp="2023-03-03T12:14:53 IST">
  <testcase classname="Selenium_Technologies.Jala_technologies.Baselayer" name="browserlaunch" time="8.197"/>
  <testcase classname="Selenium_Technologies.Jala_technologies.testjalatechnologies" name="testRun" time="41.383"/>
</testsuite> <!-- Default test -->
