<?xml version="1.0" encoding="UTF-8"?>
<testng-results ignored="0" total="2" passed="2" failed="0" skipped="0">
  <reporter-output>
  </reporter-output>
  <suite started-at="2023-03-03T12:14:04 IST" name="Default suite" finished-at="2023-03-03T12:14:53 IST" duration-ms="49688">
    <groups>
    </groups>
    <test started-at="2023-03-03T12:14:04 IST" name="Default test" finished-at="2023-03-03T12:14:53 IST" duration-ms="49688">
      <class name="Selenium_Technologies.Jala_technologies.testjalatechnologies">
        <test-method is-config="true" signature="beforetest()[pri:0, instance:Selenium_Technologies.Jala_technologies.testjalatechnologies@21b2e768]" started-at="2023-03-03T12:14:04 IST" name="beforetest" finished-at="2023-03-03T12:14:04 IST" duration-ms="16" status="PASS">
          <reporter-output>
          </reporter-output>
        </test-method> <!-- beforetest -->
        <test-method signature="browserlaunch()[pri:0, instance:Selenium_Technologies.Jala_technologies.testjalatechnologies@21b2e768]" started-at="2023-03-03T12:14:04 IST" name="browserlaunch" finished-at="2023-03-03T12:14:12 IST" duration-ms="8197" status="PASS">
          <reporter-output>
          </reporter-output>
        </test-method> <!-- browserlaunch -->
        <test-method signature="testRun()[pri:0, instance:Selenium_Technologies.Jala_technologies.testjalatechnologies@21b2e768]" started-at="2023-03-03T12:14:12 IST" name="testRun" finished-at="2023-03-03T12:14:53 IST" duration-ms="41383" status="PASS">
          <reporter-output>
          </reporter-output>
        </test-method> <!-- testRun -->
      </class> <!-- Selenium_Technologies.Jala_technologies.testjalatechnologies -->
    </test> <!-- Default test -->
  </suite> <!-- Default suite -->
</testng-results>
